<?xml version="1.0" encoding="UTF-8"?>
<!-- Generated by org.testng.reporters.JUnitReportReporter -->
<testsuite skipped="0" hostname="DESKTOP-NALDS22" name="wLPayments.Assignments.TestCases.Login_Page_Test" tests="3" failures="0" timestamp="29 Jul 2022 05:52:34 GMT" time="1.544" errors="0">
  <testcase name="TestCase_002" time="0.847" classname="wLPayments.Assignments.TestCases.Login_Page_Test"/>
  <testcase name="TestCase_001" time="0.053" classname="wLPayments.Assignments.TestCases.Login_Page_Test"/>
  <testcase name="TestCase_003" time="0.644" classname="wLPayments.Assignments.TestCases.Login_Page_Test"/>
</testsuite> <!-- wLPayments.Assignments.TestCases.Login_Page_Test -->
